{
  "uid" : "1274cc6b5b080143",
  "name" : "test001HomePage",
  "fullName" : "browser.browser_test.test_HomePage.TestHomePage#test001HomePage",
  "historyId" : "cc3df0b98d81f05b2d6a755ea1338699",
  "time" : {
    "start" : 1566899692293,
    "stop" : 1566899700852,
    "duration" : 8559
  },
  "status" : "failed",
  "statusMessage" : "AssertionError: 未找到元素，断言失败，元素名称为： com.android.browser:id/menu_more111",
  "statusTrace" : "self = <test_HomePage.TestHomePage object at 0x0000000004872780>, home_init = None\n\n    @allure.story('测试小红点不存在')\n    def test001HomePage(self, home_init):\n>       self.home.clickMore()\n\ntest_HomePage.py:34: \n_ _ _ _ _ _ _ _ _ _ _ _ _ _ _ _ _ _ _ _ _ _ _ _ _ _ _ _ _ _ _ _ _ _ _ _ _ _ _ _ _ _ _ _ _ _ _ _ _ _ _ _ _ _ _ _ _ _ _ _ _ _ _ _ _ _ _ _ _ _ _ _ _ _ _ _ _ _ _ _ _ _ _ _ _ _ _ _ _ _ _ _ _ _ _ _ _ _ _ _ _ _ _ _ _ _ _ _ _ _ _ _ _ _ _ _\n..\\browser_page\\HomePage.py:18: in clickMore\n    self.assertFalse(HOME_MORE)\n_ _ _ _ _ _ _ _ _ _ _ _ _ _ _ _ _ _ _ _ _ _ _ _ _ _ _ _ _ _ _ _ _ _ _ _ _ _ _ _ _ _ _ _ _ _ _ _ _ _ _ _ _ _ _ _ _ _ _ _ _ _ _ _ _ _ _ _ _ _ _ _ _ _ _ _ _ _ _ _ _ _ _ _ _ _ _ _ _ _ _ _ _ _ _ _ _ _ _ _ _ _ _ _ _ _ _ _ _ _ _ _ _ _ _ _\n\nself = <browser.browser_page.HomePage.HomePage object at 0x0000000004888BA8>, element = 'com.android.browser:id/menu_more111'\n\n    def assertFalse(self, element):\n        '''\n        :param element: 元素名称\n        :return:\n        '''\n>       assert False , '未找到元素，断言失败，元素名称为： {}'.format(element)\nE       AssertionError: 未找到元素，断言失败，元素名称为： com.android.browser:id/menu_more111\n\n..\\..\\base_function\\base.py:75: AssertionError",
  "flaky" : true,
  "beforeStages" : [ {
    "name" : "cmdopt",
    "time" : {
      "start" : 1566899686103,
      "stop" : 1566899686103,
      "duration" : 0
    },
    "status" : "passed",
    "steps" : [ ],
    "attachments" : [ ],
    "parameters" : [ ],
    "stepsCount" : 0,
    "hasContent" : false,
    "attachmentsCount" : 0,
    "shouldDisplayMessage" : false
  }, {
    "name" : "driver_setup",
    "time" : {
      "start" : 1566899686103,
      "stop" : 1566899688104,
      "duration" : 2001
    },
    "status" : "passed",
    "steps" : [ ],
    "attachments" : [ ],
    "parameters" : [ ],
    "stepsCount" : 0,
    "hasContent" : false,
    "attachmentsCount" : 0,
    "shouldDisplayMessage" : false
  }, {
    "name" : "home_init",
    "time" : {
      "start" : 1566899688104,
      "stop" : 1566899692292,
      "duration" : 4188
    },
    "status" : "passed",
    "steps" : [ ],
    "attachments" : [ ],
    "parameters" : [ ],
    "stepsCount" : 0,
    "hasContent" : false,
    "attachmentsCount" : 0,
    "shouldDisplayMessage" : false
  } ],
  "testStage" : {
    "status" : "failed",
    "statusMessage" : "AssertionError: 未找到元素，断言失败，元素名称为： com.android.browser:id/menu_more111",
    "statusTrace" : "self = <test_HomePage.TestHomePage object at 0x0000000004872780>, home_init = None\n\n    @allure.story('测试小红点不存在')\n    def test001HomePage(self, home_init):\n>       self.home.clickMore()\n\ntest_HomePage.py:34: \n_ _ _ _ _ _ _ _ _ _ _ _ _ _ _ _ _ _ _ _ _ _ _ _ _ _ _ _ _ _ _ _ _ _ _ _ _ _ _ _ _ _ _ _ _ _ _ _ _ _ _ _ _ _ _ _ _ _ _ _ _ _ _ _ _ _ _ _ _ _ _ _ _ _ _ _ _ _ _ _ _ _ _ _ _ _ _ _ _ _ _ _ _ _ _ _ _ _ _ _ _ _ _ _ _ _ _ _ _ _ _ _ _ _ _ _\n..\\browser_page\\HomePage.py:18: in clickMore\n    self.assertFalse(HOME_MORE)\n_ _ _ _ _ _ _ _ _ _ _ _ _ _ _ _ _ _ _ _ _ _ _ _ _ _ _ _ _ _ _ _ _ _ _ _ _ _ _ _ _ _ _ _ _ _ _ _ _ _ _ _ _ _ _ _ _ _ _ _ _ _ _ _ _ _ _ _ _ _ _ _ _ _ _ _ _ _ _ _ _ _ _ _ _ _ _ _ _ _ _ _ _ _ _ _ _ _ _ _ _ _ _ _ _ _ _ _ _ _ _ _ _ _ _ _\n\nself = <browser.browser_page.HomePage.HomePage object at 0x0000000004888BA8>, element = 'com.android.browser:id/menu_more111'\n\n    def assertFalse(self, element):\n        '''\n        :param element: 元素名称\n        :return:\n        '''\n>       assert False , '未找到元素，断言失败，元素名称为： {}'.format(element)\nE       AssertionError: 未找到元素，断言失败，元素名称为： com.android.browser:id/menu_more111\n\n..\\..\\base_function\\base.py:75: AssertionError",
    "steps" : [ ],
    "attachments" : [ {
      "uid" : "f82303db493cd316",
      "name" : "失败截图",
      "source" : "f82303db493cd316.jpg",
      "type" : "image/jpg",
      "size" : 263183
    }, {
      "uid" : "d83f61d1a0414c56",
      "name" : "log",
      "source" : "d83f61d1a0414c56.txt",
      "type" : "text/plain",
      "size" : 487
    } ],
    "parameters" : [ ],
    "stepsCount" : 0,
    "hasContent" : true,
    "attachmentsCount" : 2,
    "shouldDisplayMessage" : true
  },
  "afterStages" : [ {
    "name" : "home_init::0",
    "time" : {
      "start" : 1566899701658,
      "stop" : 1566899701658,
      "duration" : 0
    },
    "status" : "passed",
    "steps" : [ ],
    "attachments" : [ ],
    "parameters" : [ ],
    "stepsCount" : 0,
    "hasContent" : false,
    "attachmentsCount" : 0,
    "shouldDisplayMessage" : false
  } ],
  "labels" : [ {
    "name" : "feature",
    "value" : "测试首页"
  }, {
    "name" : "story",
    "value" : "测试小红点不存在"
  }, {
    "name" : "parentSuite",
    "value" : "browser.browser_test"
  }, {
    "name" : "suite",
    "value" : "test_HomePage"
  }, {
    "name" : "subSuite",
    "value" : "TestHomePage"
  }, {
    "name" : "host",
    "value" : "EF-LIUDAWEI2"
  }, {
    "name" : "thread",
    "value" : "948-MainThread"
  }, {
    "name" : "framework",
    "value" : "pytest"
  }, {
    "name" : "language",
    "value" : "cpython3"
  }, {
    "name" : "package",
    "value" : "browser.browser_test.test_HomePage"
  }, {
    "name" : "resultFormat",
    "value" : "allure2"
  } ],
  "parameters" : [ ],
  "links" : [ ],
  "hidden" : false,
  "retry" : false,
  "extra" : {
    "severity" : "normal",
    "retries" : [ {
      "uid" : "52a3e0fb303d3ff0",
      "status" : "broken",
      "statusDetails" : "OSError: atx-agent is not running. Fix it with following steps.\n1. Plugin device into computer.\n2. Run command \"python -m uiautomator2 init\"",
      "time" : {
        "start" : 1566899661646,
        "stop" : 1566899661646,
        "duration" : 0
      }
    }, {
      "uid" : "52d85f012bee1087",
      "status" : "broken",
      "statusDetails" : "OSError: atx-agent is not running. Fix it with following steps.\n1. Plugin device into computer.\n2. Run command \"python -m uiautomator2 init\"",
      "time" : {
        "start" : 1566899631446,
        "stop" : 1566899631446,
        "duration" : 0
      }
    }, {
      "uid" : "f59e597a8ff0decc",
      "status" : "passed",
      "time" : {
        "start" : 1566898969642,
        "stop" : 1566898971740,
        "duration" : 2098
      }
    }, {
      "uid" : "c15fc447b74d2d8f",
      "status" : "passed",
      "time" : {
        "start" : 1566898753310,
        "stop" : 1566898756290,
        "duration" : 2980
      }
    }, {
      "uid" : "eec8d9af03416e86",
      "status" : "broken",
      "statusDetails" : "OSError: atx-agent is not running. Fix it with following steps.\n1. Plugin device into computer.\n2. Run command \"python -m uiautomator2 init\"",
      "time" : {
        "start" : 1566898671898,
        "stop" : 1566898671898,
        "duration" : 0
      }
    }, {
      "uid" : "5ef47c1714f60b9",
      "status" : "failed",
      "statusDetails" : "AssertionError: 断言元素不存在失败，元素名称为： com.android.browser:id/tip",
      "time" : {
        "start" : 1566898289465,
        "stop" : 1566898298038,
        "duration" : 8573
      }
    } ],
    "categories" : [ {
      "name" : "Product defects",
      "matchedStatuses" : [ ],
      "flaky" : false
    } ],
    "tags" : [ ]
  },
  "source" : "1274cc6b5b080143.json",
  "parameterValues" : [ ]
}