{
  "uid" : "2cc92ca3c72676d6",
  "name" : "test002MyCollection",
  "fullName" : "browser.browser_test.test_HomePage.TestHomePage#test002MyCollection",
  "historyId" : "b05fed0214fb1b0b98b726793bc8ea4a",
  "time" : {
    "start" : 1566898978187,
    "stop" : 1566898994318,
    "duration" : 16131
  },
  "status" : "failed",
  "statusMessage" : "AssertionError: 断言元素存在失败，元素名称为： dkjkdsjfksdkfslkfsfs",
  "statusTrace" : "self = <test_HomePage.TestHomePage object at 0x0000000004886080>, home_init = None\n\n    @allure.story('测试正常进入到我的收藏页面')\n    def test002MyCollection(self, home_init):\n        self.home.clickMore()\n>       self.base.assertTrue(\"dkjkdsjfksdkfslkfsfs\")\n\ntest_HomePage.py:41: \n_ _ _ _ _ _ _ _ _ _ _ _ _ _ _ _ _ _ _ _ _ _ _ _ _ _ _ _ _ _ _ _ _ _ _ _ _ _ _ _ _ _ _ _ _ _ _ _ _ _ _ _ _ _ _ _ _ _ _ _ _ _ _ _ _ _ _ _ _ _ _ _ _ _ _ _ _ _ _ _ _ _ _ _ _ _ _ _ _ _ _ _ _ _ _ _ _ _ _ _ _ _ _ _ _ _ _ _ _ _ _ _ _ _ _ _\n\nself = <base_function.base.Base object at 0x00000000048C8438>, element = 'dkjkdsjfksdkfslkfsfs', mark = True, timeout = 5\n\n    def assertTrue(self, element, mark = True, timeout = 5):\n        '''\n        :param element: 元素名称\n        :param timeout: 超时时间\n        :param mark: 判断元素是否存在，默认为True，如判断元素不存在，则必须传False\n        :return:\n        '''\n        if mark:\n>           assert self.elementIsExit(element, timeout) == True, \"断言元素存在失败，元素名称为： {}\".format(element)\nE           AssertionError: 断言元素存在失败，元素名称为： dkjkdsjfksdkfslkfsfs\n\n..\\..\\base_function\\base.py:88: AssertionError",
  "flaky" : true,
  "beforeStages" : [ {
    "name" : "cmdopt",
    "time" : {
      "start" : 1566898971788,
      "stop" : 1566898971789,
      "duration" : 1
    },
    "status" : "passed",
    "steps" : [ ],
    "attachments" : [ ],
    "parameters" : [ ],
    "stepsCount" : 0,
    "hasContent" : false,
    "attachmentsCount" : 0,
    "shouldDisplayMessage" : false
  }, {
    "name" : "home_init",
    "time" : {
      "start" : 1566898973791,
      "stop" : 1566898978187,
      "duration" : 4396
    },
    "status" : "passed",
    "steps" : [ ],
    "attachments" : [ ],
    "parameters" : [ ],
    "stepsCount" : 0,
    "hasContent" : false,
    "attachmentsCount" : 0,
    "shouldDisplayMessage" : false
  }, {
    "name" : "driver_setup",
    "time" : {
      "start" : 1566898971789,
      "stop" : 1566898973791,
      "duration" : 2002
    },
    "status" : "passed",
    "steps" : [ ],
    "attachments" : [ ],
    "parameters" : [ ],
    "stepsCount" : 0,
    "hasContent" : false,
    "attachmentsCount" : 0,
    "shouldDisplayMessage" : false
  } ],
  "testStage" : {
    "status" : "failed",
    "statusMessage" : "AssertionError: 断言元素存在失败，元素名称为： dkjkdsjfksdkfslkfsfs",
    "statusTrace" : "self = <test_HomePage.TestHomePage object at 0x0000000004886080>, home_init = None\n\n    @allure.story('测试正常进入到我的收藏页面')\n    def test002MyCollection(self, home_init):\n        self.home.clickMore()\n>       self.base.assertTrue(\"dkjkdsjfksdkfslkfsfs\")\n\ntest_HomePage.py:41: \n_ _ _ _ _ _ _ _ _ _ _ _ _ _ _ _ _ _ _ _ _ _ _ _ _ _ _ _ _ _ _ _ _ _ _ _ _ _ _ _ _ _ _ _ _ _ _ _ _ _ _ _ _ _ _ _ _ _ _ _ _ _ _ _ _ _ _ _ _ _ _ _ _ _ _ _ _ _ _ _ _ _ _ _ _ _ _ _ _ _ _ _ _ _ _ _ _ _ _ _ _ _ _ _ _ _ _ _ _ _ _ _ _ _ _ _\n\nself = <base_function.base.Base object at 0x00000000048C8438>, element = 'dkjkdsjfksdkfslkfsfs', mark = True, timeout = 5\n\n    def assertTrue(self, element, mark = True, timeout = 5):\n        '''\n        :param element: 元素名称\n        :param timeout: 超时时间\n        :param mark: 判断元素是否存在，默认为True，如判断元素不存在，则必须传False\n        :return:\n        '''\n        if mark:\n>           assert self.elementIsExit(element, timeout) == True, \"断言元素存在失败，元素名称为： {}\".format(element)\nE           AssertionError: 断言元素存在失败，元素名称为： dkjkdsjfksdkfslkfsfs\n\n..\\..\\base_function\\base.py:88: AssertionError",
    "steps" : [ ],
    "attachments" : [ {
      "uid" : "d1fda3de8a5cc1d9",
      "name" : "失败截图",
      "source" : "d1fda3de8a5cc1d9.jpg",
      "type" : "image/jpg",
      "size" : 228598
    }, {
      "uid" : "ccb0f4ae962b1542",
      "name" : "log",
      "source" : "ccb0f4ae962b1542.txt",
      "type" : "text/plain",
      "size" : 762
    } ],
    "parameters" : [ ],
    "stepsCount" : 0,
    "hasContent" : true,
    "attachmentsCount" : 2,
    "shouldDisplayMessage" : true
  },
  "afterStages" : [ {
    "name" : "home_init::0",
    "time" : {
      "start" : 1566898995471,
      "stop" : 1566898995471,
      "duration" : 0
    },
    "status" : "passed",
    "steps" : [ ],
    "attachments" : [ ],
    "parameters" : [ ],
    "stepsCount" : 0,
    "hasContent" : false,
    "attachmentsCount" : 0,
    "shouldDisplayMessage" : false
  } ],
  "labels" : [ {
    "name" : "story",
    "value" : "测试正常进入到我的收藏页面"
  }, {
    "name" : "feature",
    "value" : "测试首页"
  }, {
    "name" : "parentSuite",
    "value" : "browser.browser_test"
  }, {
    "name" : "suite",
    "value" : "test_HomePage"
  }, {
    "name" : "subSuite",
    "value" : "TestHomePage"
  }, {
    "name" : "host",
    "value" : "EF-LIUDAWEI2"
  }, {
    "name" : "thread",
    "value" : "8032-MainThread"
  }, {
    "name" : "framework",
    "value" : "pytest"
  }, {
    "name" : "language",
    "value" : "cpython3"
  }, {
    "name" : "package",
    "value" : "browser.browser_test.test_HomePage"
  }, {
    "name" : "resultFormat",
    "value" : "allure2"
  } ],
  "parameters" : [ ],
  "links" : [ ],
  "hidden" : false,
  "retry" : false,
  "extra" : {
    "severity" : "normal",
    "retries" : [ {
      "uid" : "8180020209a35db3",
      "status" : "failed",
      "statusDetails" : "AssertionError: 断言元素存在失败，元素名称为： dkjkdsjfksdkfslkfsfs",
      "time" : {
        "start" : 1566898762325,
        "stop" : 1566898773759,
        "duration" : 11434
      }
    }, {
      "uid" : "5fbf6bf172829131",
      "status" : "broken",
      "statusDetails" : "OSError: atx-agent is not running. Fix it with following steps.\n1. Plugin device into computer.\n2. Run command \"python -m uiautomator2 init\"",
      "time" : {
        "start" : 1566898683393,
        "stop" : 1566898683393,
        "duration" : 0
      }
    }, {
      "uid" : "10c12618ffd11e17",
      "status" : "failed",
      "statusDetails" : "AssertionError: 断言元素存在失败，元素名称为： dkjkdsjfksdkfslkfsfs",
      "time" : {
        "start" : 1566898305037,
        "stop" : 1566898319615,
        "duration" : 14578
      }
    } ],
    "categories" : [ {
      "name" : "Product defects",
      "matchedStatuses" : [ ],
      "flaky" : false
    } ],
    "tags" : [ ]
  },
  "source" : "2cc92ca3c72676d6.json",
  "parameterValues" : [ ]
}