{
  "uid" : "b20497f3cd438d45",
  "name" : "test009HomePage",
  "fullName" : "browser.browser_test.test_HomePage.TestHomePage#test009HomePage",
  "historyId" : "c0d541ee9db6c8d9c7d75de27f849a2c",
  "time" : {
    "start" : 1577350247687,
    "stop" : 1577350247687,
    "duration" : 0
  },
  "description" : "\n        1、点击\"京东\"\n        2、断言是否跳转到\"京东\"页面\n        ",
  "descriptionHtml" : "<pre><code>    1、点击&quot;京东&quot;\n    2、断言是否跳转到&quot;京东&quot;页面\n</code></pre>\n",
  "status" : "failed",
  "statusMessage" : "AssertionError: 未找到元素，断言失败，元素名称为： com.android.browser:id/home",
  "statusTrace" : "self = <browser_test.test_HomePage.TestHomePage object at 0x0000000005003828>\n\n    @pytest.fixture(scope=\"function\")\n    def home_init(self):\n        self.base = Base(self.driver)\n        self.home = HomePage(self.driver)\n        self.pubmethod = PubMethod(self.driver)\n        self.share = SharePage(self.driver)\n        self.more = MorePage(self.driver)\n        logging.info(\"\")\n        logging.info(\"****开始执行用例****\")\n        self.pubmethod.stopApp(BROWSER_PACKAGE_NAME)\n        self.pubmethod.startApp(BROWSER_PACKAGE_NAME)\n>       self.home.clickHome()\n\nbrowser\\browser_test\\test_HomePage.py:31: \n_ _ _ _ _ _ _ _ _ _ _ _ _ _ _ _ _ _ _ _ _ _ _ _ _ _ _ _ _ _ _ _ _ _ _ _ _ _ _ _\nbrowser\\browser_page\\HomePage.py:34: in clickHome\n    self.assertFalse(HOME_HOME)\n_ _ _ _ _ _ _ _ _ _ _ _ _ _ _ _ _ _ _ _ _ _ _ _ _ _ _ _ _ _ _ _ _ _ _ _ _ _ _ _\n\nself = <browser.browser_page.HomePage.HomePage object at 0x0000000005003320>\nelement = 'com.android.browser:id/home'\n\n    def assertFalse(self, element):\n        '''\n        :param element: 元素名称\n        :return:\n        '''\n>       assert False , '未找到元素，断言失败，元素名称为： {}'.format(element)\nE       AssertionError: 未找到元素，断言失败，元素名称为： com.android.browser:id/home\n\nbase_function\\base.py:162: AssertionError",
  "flaky" : false,
  "beforeStages" : [ {
    "name" : "home_init",
    "time" : {
      "start" : 1577350249691,
      "stop" : 1577350260196,
      "duration" : 10505
    },
    "status" : "failed",
    "statusMessage" : "AssertionError: 未找到元素，断言失败，元素名称为： com.android.browser:id/home\n",
    "statusTrace" : "  File \"C:\\Users\\liudawei.MEIZU\\AppData\\Local\\Programs\\Python\\Python37\\lib\\site-packages\\pluggy\\callers.py\", line 187, in _multicall\n    res = hook_impl.function(*args)\n  File \"C:\\Users\\liudawei.MEIZU\\AppData\\Local\\Programs\\Python\\Python37\\lib\\site-packages\\_pytest\\fixtures.py\", line 923, in pytest_fixture_setup\n    result = call_fixture_func(fixturefunc, request, kwargs)\n  File \"C:\\Users\\liudawei.MEIZU\\AppData\\Local\\Programs\\Python\\Python37\\lib\\site-packages\\_pytest\\fixtures.py\", line 779, in call_fixture_func\n    res = next(it)\n  File \"D:\\browser_dwliuc\\browser\\browser_test\\test_HomePage.py\", line 31, in home_init\n    self.home.clickHome()\n  File \"D:\\browser_dwliuc\\browser\\browser_page\\HomePage.py\", line 34, in clickHome\n    self.assertFalse(HOME_HOME)\n  File \"D:\\browser_dwliuc\\base_function\\base.py\", line 162, in assertFalse\n    assert False , '未找到元素，断言失败，元素名称为： {}'.format(element)\n",
    "steps" : [ ],
    "attachments" : [ ],
    "parameters" : [ ],
    "attachmentsCount" : 0,
    "shouldDisplayMessage" : true,
    "stepsCount" : 0,
    "hasContent" : true
  }, {
    "name" : "driver_setup",
    "time" : {
      "start" : 1577350247689,
      "stop" : 1577350249691,
      "duration" : 2002
    },
    "status" : "passed",
    "steps" : [ ],
    "attachments" : [ ],
    "parameters" : [ ],
    "attachmentsCount" : 0,
    "shouldDisplayMessage" : false,
    "stepsCount" : 0,
    "hasContent" : false
  }, {
    "name" : "cmdopt",
    "time" : {
      "start" : 1577350247688,
      "stop" : 1577350247689,
      "duration" : 1
    },
    "status" : "passed",
    "steps" : [ ],
    "attachments" : [ ],
    "parameters" : [ ],
    "attachmentsCount" : 0,
    "shouldDisplayMessage" : false,
    "stepsCount" : 0,
    "hasContent" : false
  } ],
  "testStage" : {
    "description" : "\n        1、点击\"京东\"\n        2、断言是否跳转到\"京东\"页面\n        ",
    "status" : "failed",
    "statusMessage" : "AssertionError: 未找到元素，断言失败，元素名称为： com.android.browser:id/home",
    "statusTrace" : "self = <browser_test.test_HomePage.TestHomePage object at 0x0000000005003828>\n\n    @pytest.fixture(scope=\"function\")\n    def home_init(self):\n        self.base = Base(self.driver)\n        self.home = HomePage(self.driver)\n        self.pubmethod = PubMethod(self.driver)\n        self.share = SharePage(self.driver)\n        self.more = MorePage(self.driver)\n        logging.info(\"\")\n        logging.info(\"****开始执行用例****\")\n        self.pubmethod.stopApp(BROWSER_PACKAGE_NAME)\n        self.pubmethod.startApp(BROWSER_PACKAGE_NAME)\n>       self.home.clickHome()\n\nbrowser\\browser_test\\test_HomePage.py:31: \n_ _ _ _ _ _ _ _ _ _ _ _ _ _ _ _ _ _ _ _ _ _ _ _ _ _ _ _ _ _ _ _ _ _ _ _ _ _ _ _\nbrowser\\browser_page\\HomePage.py:34: in clickHome\n    self.assertFalse(HOME_HOME)\n_ _ _ _ _ _ _ _ _ _ _ _ _ _ _ _ _ _ _ _ _ _ _ _ _ _ _ _ _ _ _ _ _ _ _ _ _ _ _ _\n\nself = <browser.browser_page.HomePage.HomePage object at 0x0000000005003320>\nelement = 'com.android.browser:id/home'\n\n    def assertFalse(self, element):\n        '''\n        :param element: 元素名称\n        :return:\n        '''\n>       assert False , '未找到元素，断言失败，元素名称为： {}'.format(element)\nE       AssertionError: 未找到元素，断言失败，元素名称为： com.android.browser:id/home\n\nbase_function\\base.py:162: AssertionError",
    "steps" : [ ],
    "attachments" : [ {
      "uid" : "cec0abe581ef775e",
      "name" : "log",
      "source" : "cec0abe581ef775e.txt",
      "type" : "text/plain",
      "size" : 438
    } ],
    "parameters" : [ ],
    "attachmentsCount" : 1,
    "shouldDisplayMessage" : true,
    "stepsCount" : 0,
    "hasContent" : true
  },
  "afterStages" : [ ],
  "labels" : [ {
    "name" : "story",
    "value" : "测试京东能否正常打开"
  }, {
    "name" : "feature",
    "value" : "测试资讯流页面"
  }, {
    "name" : "parentSuite",
    "value" : "browser.browser_test"
  }, {
    "name" : "suite",
    "value" : "test_HomePage"
  }, {
    "name" : "subSuite",
    "value" : "TestHomePage"
  }, {
    "name" : "host",
    "value" : "EF-LIUDAWEI2"
  }, {
    "name" : "thread",
    "value" : "5648-MainThread"
  }, {
    "name" : "framework",
    "value" : "pytest"
  }, {
    "name" : "language",
    "value" : "cpython3"
  }, {
    "name" : "package",
    "value" : "browser.browser_test.test_HomePage"
  }, {
    "name" : "resultFormat",
    "value" : "allure2"
  } ],
  "parameters" : [ ],
  "links" : [ ],
  "hidden" : false,
  "retry" : false,
  "extra" : {
    "severity" : "normal",
    "retries" : [ ],
    "categories" : [ {
      "name" : "Product defects",
      "matchedStatuses" : [ ],
      "flaky" : false
    } ],
    "tags" : [ ]
  },
  "source" : "b20497f3cd438d45.json",
  "parameterValues" : [ ]
}